# JRE version: Java(TM) SE Runtime Environment (8.0_144-b01) (build 1.8.0_144-b01)
# Java VM: Java HotSpot(TM) 64-Bit Server VM (25.144-b01 mixed mode windows-amd64 compressed oops)
Heap:
 PSYoungGen      total 435200K, used 107617K [0x00000006eab00000, 0x000000070e400000, 0x00000007c0000000)
  eden space 304640K, 10% used [0x00000006eab00000,0x00000006ecacdc08,0x00000006fd480000)
  from space 130560K, 57% used [0x00000006fd480000,0x0000000701dcaa00,0x0000000705400000)
  to   space 111104K, 0% used [0x0000000705400000,0x0000000705400000,0x000000070c080000)
 ParOldGen       total 274432K, used 274331K [0x0000000540000000, 0x0000000550c00000, 0x00000006eab00000)
  object space 274432K, 99% used [0x0000000540000000,0x0000000550be6e50,0x0000000550c00000)
 Metaspace       used 14222K, capacity 14438K, committed 14720K, reserved 1062912K
  class space    used 1735K, capacity 1822K, committed 1920K, reserved 1048576K
GC Heap History (10 events):
Event: 9.245 GC heap before
{Heap before GC invocations=16 (full 2):
 PSYoungGen      total 310272K, used 310272K [0x00000006eab00000, 0x0000000706a00000, 0x00000007c0000000)
  eden space 244736K, 100% used [0x00000006eab00000,0x00000006f9a00000,0x00000006f9a00000)
  from space 65536K, 100% used [0x00000006f9a00000,0x00000006fda00000,0x00000006fda00000)
  to   space 83456K, 0% used [0x0000000701880000,0x0000000701880000,0x0000000706a00000)
 ParOldGen       total 267776K, used 172462K [0x0000000540000000, 0x0000000550580000, 0x00000006eab00000)
  object space 267776K, 64% used [0x0000000540000000,0x000000054a86b968,0x0000000550580000)
 Metaspace       used 9960K, capacity 10100K, committed 10240K, reserved 1058816K
  class space    used 1161K, capacity 1211K, committed 1280K, reserved 1048576K
Event: 9.344 GC heap after
Heap after GC invocations=16 (full 2):
 PSYoungGen      total 356864K, used 83456K [0x00000006eab00000, 0x0000000708f80000, 0x00000007c0000000)
  eden space 273408K, 0% used [0x00000006eab00000,0x00000006eab00000,0x00000006fb600000)
  from space 83456K, 100% used [0x0000000701880000,0x0000000706a00000,0x0000000706a00000)
  to   space 100864K, 0% used [0x00000006fb600000,0x00000006fb600000,0x0000000701880000)
 ParOldGen       total 267776K, used 184222K [0x0000000540000000, 0x0000000550580000, 0x00000006eab00000)
  object space 267776K, 68% used [0x0000000540000000,0x000000054b3e7968,0x0000000550580000)
 Metaspace       used 9960K, capacity 10100K, committed 10240K, reserved 1058816K
  class space    used 1161K, capacity 1211K, committed 1280K, reserved 1048576K
}
Event: 10.868 GC heap before
{Heap before GC invocations=17 (full 2):
 PSYoungGen      total 356864K, used 356864K [0x00000006eab00000, 0x0000000708f80000, 0x00000007c0000000)
  eden space 273408K, 100% used [0x00000006eab00000,0x00000006fb600000,0x00000006fb600000)
  from space 83456K, 100% used [0x0000000701880000,0x0000000706a00000,0x0000000706a00000)
  to   space 100864K, 0% used [0x00000006fb600000,0x00000006fb600000,0x0000000701880000)
 ParOldGen       total 267776K, used 184222K [0x0000000540000000, 0x0000000550580000, 0x00000006eab00000)
  object space 267776K, 68% used [0x0000000540000000,0x000000054b3e7968,0x0000000550580000)
 Metaspace       used 10239K, capacity 10388K, committed 10496K, reserved 1058816K
  class space    used 1177K, capacity 1243K, committed 1280K, reserved 1048576K
Event: 10.963 GC heap after
Heap after GC invocations=17 (full 2):
 PSYoungGen      total 374272K, used 85984K [0x00000006eab00000, 0x000000070c080000, 0x00000007c0000000)
  eden space 273408K, 0% used [0x00000006eab00000,0x00000006eab00000,0x00000006fb600000)
  from space 100864K, 85% used [0x00000006fb600000,0x00000007009f8030,0x0000000701880000)
  to   space 111104K, 0% used [0x0000000705400000,0x0000000705400000,0x000000070c080000)
 ParOldGen       total 267776K, used 209086K [0x0000000540000000, 0x0000000550580000, 0x00000006eab00000)
  object space 267776K, 78% used [0x0000000540000000,0x000000054cc2f968,0x0000000550580000)
 Metaspace       used 10239K, capacity 10388K, committed 10496K, reserved 1058816K
  class space    used 1177K, capacity 1243K, committed 1280K, reserved 1048576K
}
Event: 12.285 GC heap before
{Heap before GC invocations=18 (full 2):
 PSYoungGen      total 374272K, used 359392K [0x00000006eab00000, 0x000000070c080000, 0x00000007c0000000)
  eden space 273408K, 100% used [0x00000006eab00000,0x00000006fb600000,0x00000006fb600000)
  from space 100864K, 85% used [0x00000006fb600000,0x00000007009f8030,0x0000000701880000)
  to   space 111104K, 0% used [0x0000000705400000,0x0000000705400000,0x000000070c080000)
 ParOldGen       total 267776K, used 209086K [0x0000000540000000, 0x0000000550580000, 0x00000006eab00000)
  object space 267776K, 78% used [0x0000000540000000,0x000000054cc2f968,0x0000000550580000)
 Metaspace       used 10263K, capacity 10388K, committed 10496K, reserved 1058816K
  class space    used 1178K, capacity 1243K, committed 1280K, reserved 1048576K
Event: 12.401 GC heap after
Heap after GC invocations=18 (full 2):
 PSYoungGen      total 415744K, used 111088K [0x00000006eab00000, 0x000000070e400000, 0x00000007c0000000)
  eden space 304640K, 0% used [0x00000006eab00000,0x00000006eab00000,0x00000006fd480000)
  from space 111104K, 99% used [0x0000000705400000,0x000000070c07c050,0x000000070c080000)
  to   space 130560K, 0% used [0x00000006fd480000,0x00000006fd480000,0x0000000705400000)
 ParOldGen       total 267776K, used 214446K [0x0000000540000000, 0x0000000550580000, 0x00000006eab00000)
  object space 267776K, 80% used [0x0000000540000000,0x000000054d16b968,0x0000000550580000)
 Metaspace       used 10263K, capacity 10388K, committed 10496K, reserved 1058816K
  class space    used 1178K, capacity 1243K, committed 1280K, reserved 1048576K
}
Event: 14.085 GC heap before
{Heap before GC invocations=19 (full 2):
 PSYoungGen      total 415744K, used 415728K [0x00000006eab00000, 0x000000070e400000, 0x00000007c0000000)
  eden space 304640K, 100% used [0x00000006eab00000,0x00000006fd480000,0x00000006fd480000)
  from space 111104K, 99% used [0x0000000705400000,0x000000070c07c050,0x000000070c080000)
  to   space 130560K, 0% used [0x00000006fd480000,0x00000006fd480000,0x0000000705400000)
 ParOldGen       total 267776K, used 214446K [0x0000000540000000, 0x0000000550580000, 0x00000006eab00000)
  object space 267776K, 80% used [0x0000000540000000,0x000000054d16b968,0x0000000550580000)
 Metaspace       used 14061K, capacity 14214K, committed 14336K, reserved 1062912K
  class space    used 1722K, capacity 1790K, committed 1792K, reserved 1048576K
Event: 14.453 GC heap after
Heap after GC invocations=19 (full 2):
 PSYoungGen      total 435200K, used 80129K [0x00000006eab00000, 0x000000070e400000, 0x00000007c0000000)
  eden space 304640K, 0% used [0x00000006eab00000,0x00000006eab00000,0x00000006fd480000)
  from space 130560K, 61% used [0x00000006fd480000,0x00000007022c0400,0x0000000705400000)
  to   space 111104K, 0% used [0x0000000705400000,0x0000000705400000,0x000000070c080000)
 ParOldGen       total 274432K, used 273294K [0x0000000540000000, 0x0000000550c00000, 0x00000006eab00000)
  object space 274432K, 99% used [0x0000000540000000,0x0000000550ae3968,0x0000000550c00000)
 Metaspace       used 14061K, capacity 14214K, committed 14336K, reserved 1062912K
  class space    used 1722K, capacity 1790K, committed 1792K, reserved 1048576K
}
Event: 14.453 GC heap before
{Heap before GC invocations=20 (full 3):
 PSYoungGen      total 435200K, used 80129K [0x00000006eab00000, 0x000000070e400000, 0x00000007c0000000)
  eden space 304640K, 0% used [0x00000006eab00000,0x00000006eab00000,0x00000006fd480000)
  from space 130560K, 61% used [0x00000006fd480000,0x00000007022c0400,0x0000000705400000)
  to   space 111104K, 0% used [0x0000000705400000,0x0000000705400000,0x000000070c080000)
 ParOldGen       total 274432K, used 273294K [0x0000000540000000, 0x0000000550c00000, 0x00000006eab00000)
  object space 274432K, 99% used [0x0000000540000000,0x0000000550ae3968,0x0000000550c00000)
 Metaspace       used 14061K, capacity 14214K, committed 14336K, reserved 1062912K
  class space    used 1722K, capacity 1790K, committed 1792K, reserved 1048576K
Event: 15.837 GC heap after
Heap after GC invocations=20 (full 3):
 PSYoungGen      total 435200K, used 75050K [0x00000006eab00000, 0x000000070e400000, 0x00000007c0000000)
  eden space 304640K, 0% used [0x00000006eab00000,0x00000006eab00000,0x00000006fd480000)
  from space 130560K, 57% used [0x00000006fd480000,0x0000000701dcaa00,0x0000000705400000)
  to   space 111104K, 0% used [0x0000000705400000,0x0000000705400000,0x000000070c080000)
 ParOldGen       total 274432K, used 274331K [0x0000000540000000, 0x0000000550c00000, 0x00000006eab00000)
  object space 274432K, 99% used [0x0000000540000000,0x0000000550be6e50,0x0000000550c00000)
 Metaspace       used 14061K, capacity 14214K, committed 14336K, reserved 1062912K
  class space    used 1722K, capacity 1790K, committed 1792K, reserved 1048576K
}

